<?xml version="1.0" encoding="UTF-8"?>
<testng-results ignored="0" total="4" passed="3" failed="1" skipped="0">
  <reporter-output>
  </reporter-output>
  <suite started-at="2020-09-01T17:14:06Z" name="Suite" finished-at="2020-09-01T17:14:19Z" duration-ms="12885">
    <groups>
    </groups>
    <test started-at="2020-09-01T17:14:06Z" name="Apptest" finished-at="2020-09-01T17:14:06Z" duration-ms="11">
    </test> <!-- Apptest -->
    <test started-at="2020-09-01T17:14:06Z" name="Validatenavigationtest" finished-at="2020-09-01T17:14:16Z" duration-ms="10328">
      <class name="academy.validateNavigationbar">
        <test-method is-config="true" signature="initialize()[pri:0, instance:academy.validateNavigationbar@42463763]" started-at="2020-09-01T17:14:06Z" name="initialize" finished-at="2020-09-01T17:14:14Z" duration-ms="7910" status="PASS">
          <reporter-output>
          </reporter-output>
        </test-method> <!-- initialize -->
        <test-method signature="basePageNavigation()[pri:0, instance:academy.validateNavigationbar@42463763]" started-at="2020-09-01T17:14:14Z" name="basePageNavigation" finished-at="2020-09-01T17:14:14Z" duration-ms="239" status="PASS">
          <reporter-output>
          </reporter-output>
        </test-method> <!-- basePageNavigation -->
        <test-method is-config="true" signature="teardown()[pri:0, instance:academy.validateNavigationbar@42463763]" started-at="2020-09-01T17:14:14Z" name="teardown" finished-at="2020-09-01T17:14:16Z" duration-ms="2174" status="PASS">
          <reporter-output>
          </reporter-output>
        </test-method> <!-- teardown -->
      </class> <!-- academy.validateNavigationbar -->
    </test> <!-- Validatenavigationtest -->
    <test started-at="2020-09-01T17:14:06Z" name="ValidateTitletest" finished-at="2020-09-01T17:14:17Z" duration-ms="10831">
      <class name="academy.validateTitle">
        <test-method is-config="true" signature="initialize()[pri:0, instance:academy.validateTitle@373ebf74]" started-at="2020-09-01T17:14:06Z" name="initialize" finished-at="2020-09-01T17:14:13Z" duration-ms="7341" status="PASS">
          <reporter-output>
          </reporter-output>
        </test-method> <!-- initialize -->
        <test-method signature="basePageNavigation()[pri:0, instance:academy.validateTitle@373ebf74]" started-at="2020-09-01T17:14:13Z" name="basePageNavigation" finished-at="2020-09-01T17:14:13Z" duration-ms="215" status="FAIL">
          <exception class="java.lang.AssertionError">
            <message>
              <![CDATA[expected [FEATURED COURSES123] but found [FEATURED COURSES]]]>
            </message>
            <full-stacktrace>
              <![CDATA[java.lang.AssertionError: expected [FEATURED COURSES123] but found [FEATURED COURSES]
at org.testng.Assert.fail(Assert.java:96)
at org.testng.Assert.failNotEquals(Assert.java:776)
at org.testng.Assert.assertEqualsImpl(Assert.java:137)
at org.testng.Assert.assertEquals(Assert.java:118)
at org.testng.Assert.assertEquals(Assert.java:453)
at org.testng.Assert.assertEquals(Assert.java:463)
at academy.validateTitle.basePageNavigation(validateTitle.java:41)
at java.base/jdk.internal.reflect.NativeMethodAccessorImpl.invoke0(Native Method)
at java.base/jdk.internal.reflect.NativeMethodAccessorImpl.invoke(NativeMethodAccessorImpl.java:62)
at java.base/jdk.internal.reflect.DelegatingMethodAccessorImpl.invoke(DelegatingMethodAccessorImpl.java:43)
at java.base/java.lang.reflect.Method.invoke(Method.java:567)
at org.testng.internal.MethodInvocationHelper.invokeMethod(MethodInvocationHelper.java:124)
at org.testng.internal.Invoker.invokeMethod(Invoker.java:583)
at org.testng.internal.Invoker.invokeTestMethod(Invoker.java:719)
at org.testng.internal.Invoker.invokeTestMethods(Invoker.java:989)
at org.testng.internal.TestMethodWorker.invokeTestMethods(TestMethodWorker.java:125)
at org.testng.internal.TestMethodWorker.run(TestMethodWorker.java:109)
at org.testng.TestRunner.privateRun(TestRunner.java:648)
at org.testng.TestRunner.run(TestRunner.java:505)
at org.testng.SuiteRunner.runTest(SuiteRunner.java:455)
at org.testng.SuiteRunner.access$000(SuiteRunner.java:40)
at org.testng.SuiteRunner$SuiteWorker.run(SuiteRunner.java:489)
at org.testng.internal.thread.ThreadUtil$1.call(ThreadUtil.java:52)
at java.base/java.util.concurrent.FutureTask.run(FutureTask.java:264)
at java.base/java.util.concurrent.ThreadPoolExecutor.runWorker(ThreadPoolExecutor.java:1128)
at java.base/java.util.concurrent.ThreadPoolExecutor$Worker.run(ThreadPoolExecutor.java:628)
at java.base/java.lang.Thread.run(Thread.java:830)
]]>
            </full-stacktrace>
          </exception> <!-- java.lang.AssertionError -->
          <reporter-output>
          </reporter-output>
        </test-method> <!-- basePageNavigation -->
        <test-method is-config="true" signature="teardown()[pri:0, instance:academy.validateTitle@373ebf74]" started-at="2020-09-01T17:14:15Z" name="teardown" finished-at="2020-09-01T17:14:17Z" duration-ms="2117" status="PASS">
          <reporter-output>
          </reporter-output>
        </test-method> <!-- teardown -->
      </class> <!-- academy.validateTitle -->
    </test> <!-- ValidateTitletest -->
    <test started-at="2020-09-01T17:14:06Z" name="HomePagetest" finished-at="2020-09-01T17:14:19Z" duration-ms="12885">
      <class name="academy.HomePage">
        <test-method is-config="true" signature="initialize()[pri:0, instance:academy.HomePage@2cc44ad]" started-at="2020-09-01T17:14:06Z" name="initialize" finished-at="2020-09-01T17:14:10Z" duration-ms="3846" status="PASS">
          <reporter-output>
          </reporter-output>
        </test-method> <!-- initialize -->
        <test-method signature="basePageNavigation(java.lang.String, java.lang.String, java.lang.String)[pri:0, instance:academy.HomePage@2cc44ad]" started-at="2020-09-01T17:14:10Z" name="basePageNavigation" data-provider="getData" finished-at="2020-09-01T17:14:16Z" duration-ms="6342" status="PASS">
          <params>
            <param index="0">
              <value>
                <![CDATA[restricted@gmail.com]]>
              </value>
            </param>
            <param index="1">
              <value>
                <![CDATA[123456]]>
              </value>
            </param>
            <param index="2">
              <value>
                <![CDATA[Restricted users]]>
              </value>
            </param>
          </params>
          <reporter-output>
          </reporter-output>
        </test-method> <!-- basePageNavigation -->
        <test-method signature="basePageNavigation(java.lang.String, java.lang.String, java.lang.String)[pri:0, instance:academy.HomePage@2cc44ad]" started-at="2020-09-01T17:14:16Z" name="basePageNavigation" data-provider="getData" finished-at="2020-09-01T17:14:19Z" duration-ms="2607" status="PASS">
          <params>
            <param index="0">
              <value>
                <![CDATA[nonrestricted@gmail.com]]>
              </value>
            </param>
            <param index="1">
              <value>
                <![CDATA[123456]]>
              </value>
            </param>
            <param index="2">
              <value>
                <![CDATA[non Restricted users]]>
              </value>
            </param>
          </params>
          <reporter-output>
          </reporter-output>
        </test-method> <!-- basePageNavigation -->
        <test-method is-config="true" signature="teardown()[pri:0, instance:academy.HomePage@2cc44ad]" started-at="2020-09-01T17:14:19Z" name="teardown" finished-at="2020-09-01T17:14:19Z" duration-ms="60" status="PASS">
          <reporter-output>
          </reporter-output>
        </test-method> <!-- teardown -->
      </class> <!-- academy.HomePage -->
    </test> <!-- HomePagetest -->
  </suite> <!-- Suite -->
</testng-results>
